# JRE version: OpenJDK Runtime Environment (8.0_275-b01) (build 1.8.0_275-b01)
# Java VM: OpenJDK 64-Bit Server VM (25.275-b01 mixed mode linux-amd64 compressed oops)
Heap:
 PSYoungGen      total 446464K, used 229430K [0x00000000d7200000, 0x0000000100000000, 0x0000000100000000)
  eden space 223232K, 70% used [0x00000000d7200000,0x00000000e0b68e40,0x00000000e4c00000)
  from space 223232K, 32% used [0x00000000f2600000,0x00000000f6ca4db0,0x0000000100000000)
  to   space 223232K, 0% used [0x00000000e4c00000,0x00000000e4c00000,0x00000000f2600000)
 ParOldGen       total 530944K, used 254194K [0x0000000085600000, 0x00000000a5c80000, 0x00000000d7200000)
  object space 530944K, 47% used [0x0000000085600000,0x0000000094e3cb20,0x00000000a5c80000)
 Metaspace       used 47958K, capacity 48295K, committed 48728K, reserved 1091584K
  class space    used 5626K, capacity 5751K, committed 5760K, reserved 1048576K
GC Heap History (10 events):
Event: 735.747 GC heap before
{Heap before GC invocations=20 (full 5):
 PSYoungGen      total 413696K, used 223232K [0x00000000d7200000, 0x0000000100000000, 0x0000000100000000)
  eden space 223232K, 100% used [0x00000000d7200000,0x00000000e4c00000,0x00000000e4c00000)
  from space 190464K, 0% used [0x00000000f4600000,0x00000000f4600000,0x0000000100000000)
  to   space 223232K, 0% used [0x00000000e4c00000,0x00000000e4c00000,0x00000000f2600000)
 ParOldGen       total 476160K, used 193934K [0x0000000085600000, 0x00000000a2700000, 0x00000000d7200000)
  object space 476160K, 40% used [0x0000000085600000,0x0000000091363b58,0x00000000a2700000)
 Metaspace       used 47772K, capacity 48167K, committed 48472K, reserved 1091584K
  class space    used 5626K, capacity 5751K, committed 5760K, reserved 1048576K
Event: 735.952 GC heap after
Heap after GC invocations=20 (full 5):
 PSYoungGen      total 446464K, used 165033K [0x00000000d7200000, 0x0000000100000000, 0x0000000100000000)
  eden space 223232K, 0% used [0x00000000d7200000,0x00000000d7200000,0x00000000e4c00000)
  from space 223232K, 73% used [0x00000000e4c00000,0x00000000eed2a6f0,0x00000000f2600000)
  to   space 223232K, 0% used [0x00000000f2600000,0x00000000f2600000,0x0000000100000000)
 ParOldGen       total 476160K, used 193942K [0x0000000085600000, 0x00000000a2700000, 0x00000000d7200000)
  object space 476160K, 40% used [0x0000000085600000,0x0000000091365b58,0x00000000a2700000)
 Metaspace       used 47772K, capacity 48167K, committed 48472K, reserved 1091584K
  class space    used 5626K, capacity 5751K, committed 5760K, reserved 1048576K
}
Event: 799.487 GC heap before
{Heap before GC invocations=21 (full 5):
 PSYoungGen      total 446464K, used 388265K [0x00000000d7200000, 0x0000000100000000, 0x0000000100000000)
  eden space 223232K, 100% used [0x00000000d7200000,0x00000000e4c00000,0x00000000e4c00000)
  from space 223232K, 73% used [0x00000000e4c00000,0x00000000eed2a6f0,0x00000000f2600000)
  to   space 223232K, 0% used [0x00000000f2600000,0x00000000f2600000,0x0000000100000000)
 ParOldGen       total 476160K, used 193942K [0x0000000085600000, 0x00000000a2700000, 0x00000000d7200000)
  object space 476160K, 40% used [0x0000000085600000,0x0000000091365b58,0x00000000a2700000)
 Metaspace       used 47857K, capacity 48167K, committed 48472K, reserved 1091584K
  class space    used 5626K, capacity 5751K, committed 5760K, reserved 1048576K
Event: 799.838 GC heap after
Heap after GC invocations=21 (full 5):
 PSYoungGen      total 446464K, used 106547K [0x00000000d7200000, 0x0000000100000000, 0x0000000100000000)
  eden space 223232K, 0% used [0x00000000d7200000,0x00000000d7200000,0x00000000e4c00000)
  from space 223232K, 47% used [0x00000000f2600000,0x00000000f8e0cdb0,0x0000000100000000)
  to   space 223232K, 0% used [0x00000000e4c00000,0x00000000e4c00000,0x00000000f2600000)
 ParOldGen       total 476160K, used 350664K [0x0000000085600000, 0x00000000a2700000, 0x00000000d7200000)
  object space 476160K, 73% used [0x0000000085600000,0x000000009ac72238,0x00000000a2700000)
 Metaspace       used 47857K, capacity 48167K, committed 48472K, reserved 1091584K
  class space    used 5626K, capacity 5751K, committed 5760K, reserved 1048576K
}
Event: 799.838 GC heap before
{Heap before GC invocations=22 (full 6):
 PSYoungGen      total 446464K, used 106547K [0x00000000d7200000, 0x0000000100000000, 0x0000000100000000)
  eden space 223232K, 0% used [0x00000000d7200000,0x00000000d7200000,0x00000000e4c00000)
  from space 223232K, 47% used [0x00000000f2600000,0x00000000f8e0cdb0,0x0000000100000000)
  to   space 223232K, 0% used [0x00000000e4c00000,0x00000000e4c00000,0x00000000f2600000)
 ParOldGen       total 476160K, used 350664K [0x0000000085600000, 0x00000000a2700000, 0x00000000d7200000)
  object space 476160K, 73% used [0x0000000085600000,0x000000009ac72238,0x00000000a2700000)
 Metaspace       used 47857K, capacity 48167K, committed 48472K, reserved 1091584K
  class space    used 5626K, capacity 5751K, committed 5760K, reserved 1048576K
Event: 800.629 GC heap after
Heap after GC invocations=22 (full 6):
 PSYoungGen      total 446464K, used 0K [0x00000000d7200000, 0x0000000100000000, 0x0000000100000000)
  eden space 223232K, 0% used [0x00000000d7200000,0x00000000d7200000,0x00000000e4c00000)
  from space 223232K, 0% used [0x00000000f2600000,0x00000000f2600000,0x0000000100000000)
  to   space 223232K, 0% used [0x00000000e4c00000,0x00000000e4c00000,0x00000000f2600000)
 ParOldGen       total 530944K, used 162650K [0x0000000085600000, 0x00000000a5c80000, 0x00000000d7200000)
  object space 530944K, 30% used [0x0000000085600000,0x000000008f4d6b10,0x00000000a5c80000)
 Metaspace       used 47857K, capacity 48167K, committed 48472K, reserved 1091584K
  class space    used 5626K, capacity 5751K, committed 5760K, reserved 1048576K
}
Event: 879.381 GC heap before
{Heap before GC invocations=23 (full 6):
 PSYoungGen      total 446464K, used 223232K [0x00000000d7200000, 0x0000000100000000, 0x0000000100000000)
  eden space 223232K, 100% used [0x00000000d7200000,0x00000000e4c00000,0x00000000e4c00000)
  from space 223232K, 0% used [0x00000000f2600000,0x00000000f2600000,0x0000000100000000)
  to   space 223232K, 0% used [0x00000000e4c00000,0x00000000e4c00000,0x00000000f2600000)
 ParOldGen       total 530944K, used 162650K [0x0000000085600000, 0x00000000a5c80000, 0x00000000d7200000)
  object space 530944K, 30% used [0x0000000085600000,0x000000008f4d6b10,0x00000000a5c80000)
 Metaspace       used 47883K, capacity 48231K, committed 48472K, reserved 1091584K
  class space    used 5626K, capacity 5751K, committed 5760K, reserved 1048576K
Event: 879.504 GC heap after
Heap after GC invocations=23 (full 6):
 PSYoungGen      total 446464K, used 109376K [0x00000000d7200000, 0x0000000100000000, 0x0000000100000000)
  eden space 223232K, 0% used [0x00000000d7200000,0x00000000d7200000,0x00000000e4c00000)
  from space 223232K, 48% used [0x00000000e4c00000,0x00000000eb6d0020,0x00000000f2600000)
  to   space 223232K, 0% used [0x00000000f2600000,0x00000000f2600000,0x0000000100000000)
 ParOldGen       total 530944K, used 162650K [0x0000000085600000, 0x00000000a5c80000, 0x00000000d7200000)
  object space 530944K, 30% used [0x0000000085600000,0x000000008f4d6b10,0x00000000a5c80000)
 Metaspace       used 47883K, capacity 48231K, committed 48472K, reserved 1091584K
  class space    used 5626K, capacity 5751K, committed 5760K, reserved 1048576K
}
Event: 980.737 GC heap before
{Heap before GC invocations=24 (full 6):
 PSYoungGen      total 446464K, used 332608K [0x00000000d7200000, 0x0000000100000000, 0x0000000100000000)
  eden space 223232K, 100% used [0x00000000d7200000,0x00000000e4c00000,0x00000000e4c00000)
  from space 223232K, 48% used [0x00000000e4c00000,0x00000000eb6d0020,0x00000000f2600000)
  to   space 223232K, 0% used [0x00000000f2600000,0x00000000f2600000,0x0000000100000000)
 ParOldGen       total 530944K, used 162650K [0x0000000085600000, 0x00000000a5c80000, 0x00000000d7200000)
  object space 530944K, 30% used [0x0000000085600000,0x000000008f4d6b10,0x00000000a5c80000)
 Metaspace       used 47922K, capacity 48231K, committed 48472K, reserved 1091584K
  class space    used 5626K, capacity 5751K, committed 5760K, reserved 1048576K
Event: 980.897 GC heap after
Heap after GC invocations=24 (full 6):
 PSYoungGen      total 446464K, used 72339K [0x00000000d7200000, 0x0000000100000000, 0x0000000100000000)
  eden space 223232K, 0% used [0x00000000d7200000,0x00000000d7200000,0x00000000e4c00000)
  from space 223232K, 32% used [0x00000000f2600000,0x00000000f6ca4db0,0x0000000100000000)
  to   space 223232K, 0% used [0x00000000e4c00000,0x00000000e4c00000,0x00000000f2600000)
 ParOldGen       total 530944K, used 254194K [0x0000000085600000, 0x00000000a5c80000, 0x00000000d7200000)
  object space 530944K, 47% used [0x0000000085600000,0x0000000094e3cb20,0x00000000a5c80000)
 Metaspace       used 47922K, capacity 48231K, committed 48472K, reserved 1091584K
  class space    used 5626K, capacity 5751K, committed 5760K, reserved 1048576K
}

