# JRE version: OpenJDK Runtime Environment (8.0_275-b01) (build 1.8.0_275-b01)
# Java VM: OpenJDK 64-Bit Server VM (25.275-b01 mixed mode linux-amd64 compressed oops)
Heap:
 PSYoungGen      total 446976K, used 259827K [0x00000000d7200000, 0x0000000100000000, 0x0000000100000000)
  eden space 224256K, 16% used [0x00000000d7200000,0x00000000d9643b80,0x00000000e4d00000)
  from space 222720K, 99% used [0x00000000e4d00000,0x00000000f2679100,0x00000000f2680000)
  to   space 222720K, 0% used [0x00000000f2680000,0x00000000f2680000,0x0000000100000000)
 ParOldGen       total 467456K, used 375765K [0x0000000085600000, 0x00000000a1e80000, 0x00000000d7200000)
  object space 467456K, 80% used [0x0000000085600000,0x000000009c4f55c8,0x00000000a1e80000)
 Metaspace       used 47288K, capacity 47623K, committed 48088K, reserved 1091584K
  class space    used 5651K, capacity 5783K, committed 5888K, reserved 1048576K
GC Heap History (10 events):
Event: 95.098 GC heap before
{Heap before GC invocations=15 (full 4):
 PSYoungGen      total 344576K, used 93170K [0x00000000d7200000, 0x00000000fa580000, 0x0000000100000000)
  eden space 251392K, 0% used [0x00000000d7200000,0x00000000d7200000,0x00000000e6780000)
  from space 93184K, 99% used [0x00000000e6780000,0x00000000ec27ca30,0x00000000ec280000)
  to   space 156672K, 0% used [0x00000000f0c80000,0x00000000f0c80000,0x00000000fa580000)
 ParOldGen       total 309760K, used 309247K [0x0000000085600000, 0x0000000098480000, 0x00000000d7200000)
  object space 309760K, 99% used [0x0000000085600000,0x00000000983ffc80,0x0000000098480000)
 Metaspace       used 46332K, capacity 46679K, committed 46936K, reserved 1091584K
  class space    used 5616K, capacity 5711K, committed 5760K, reserved 1048576K
Event: 96.278 GC heap after
Heap after GC invocations=15 (full 4):
 PSYoungGen      total 344576K, used 0K [0x00000000d7200000, 0x00000000fa580000, 0x0000000100000000)
  eden space 251392K, 0% used [0x00000000d7200000,0x00000000d7200000,0x00000000e6780000)
  from space 93184K, 0% used [0x00000000e6780000,0x00000000e6780000,0x00000000ec280000)
  to   space 156672K, 0% used [0x00000000f0c80000,0x00000000f0c80000,0x00000000fa580000)
 ParOldGen       total 467456K, used 253020K [0x0000000085600000, 0x00000000a1e80000, 0x00000000d7200000)
  object space 467456K, 54% used [0x0000000085600000,0x0000000094d17178,0x00000000a1e80000)
 Metaspace       used 46332K, capacity 46679K, committed 46936K, reserved 1091584K
  class space    used 5616K, capacity 5711K, committed 5760K, reserved 1048576K
}
Event: 108.096 GC heap before
{Heap before GC invocations=16 (full 4):
 PSYoungGen      total 344576K, used 251392K [0x00000000d7200000, 0x00000000fa580000, 0x0000000100000000)
  eden space 251392K, 100% used [0x00000000d7200000,0x00000000e6780000,0x00000000e6780000)
  from space 93184K, 0% used [0x00000000e6780000,0x00000000e6780000,0x00000000ec280000)
  to   space 156672K, 0% used [0x00000000f0c80000,0x00000000f0c80000,0x00000000fa580000)
 ParOldGen       total 467456K, used 253020K [0x0000000085600000, 0x00000000a1e80000, 0x00000000d7200000)
  object space 467456K, 54% used [0x0000000085600000,0x0000000094d17178,0x00000000a1e80000)
 Metaspace       used 46452K, capacity 46761K, committed 47192K, reserved 1091584K
  class space    used 5619K, capacity 5714K, committed 5760K, reserved 1048576K
Event: 108.517 GC heap after
Heap after GC invocations=16 (full 4):
 PSYoungGen      total 379904K, used 156670K [0x00000000d7200000, 0x0000000100000000, 0x0000000100000000)
  eden space 223232K, 0% used [0x00000000d7200000,0x00000000d7200000,0x00000000e4c00000)
  from space 156672K, 99% used [0x00000000f0c80000,0x00000000fa57f808,0x00000000fa580000)
  to   space 197120K, 0% used [0x00000000e4c00000,0x00000000e4c00000,0x00000000f0c80000)
 ParOldGen       total 467456K, used 283532K [0x0000000085600000, 0x00000000a1e80000, 0x00000000d7200000)
  object space 467456K, 60% used [0x0000000085600000,0x0000000096ae3178,0x00000000a1e80000)
 Metaspace       used 46452K, capacity 46761K, committed 47192K, reserved 1091584K
  class space    used 5619K, capacity 5714K, committed 5760K, reserved 1048576K
}
Event: 172.370 GC heap before
{Heap before GC invocations=17 (full 4):
 PSYoungGen      total 379904K, used 379902K [0x00000000d7200000, 0x0000000100000000, 0x0000000100000000)
  eden space 223232K, 100% used [0x00000000d7200000,0x00000000e4c00000,0x00000000e4c00000)
  from space 156672K, 99% used [0x00000000f0c80000,0x00000000fa57f808,0x00000000fa580000)
  to   space 197120K, 0% used [0x00000000e4c00000,0x00000000e4c00000,0x00000000f0c80000)
 ParOldGen       total 467456K, used 283532K [0x0000000085600000, 0x00000000a1e80000, 0x00000000d7200000)
  object space 467456K, 60% used [0x0000000085600000,0x0000000096ae3178,0x00000000a1e80000)
 Metaspace       used 46792K, capacity 47105K, committed 47448K, reserved 1091584K
  class space    used 5624K, capacity 5718K, committed 5760K, reserved 1048576K
Event: 172.599 GC heap after
Heap after GC invocations=17 (full 4):
 PSYoungGen      total 420352K, used 137019K [0x00000000d7200000, 0x0000000100000000, 0x0000000100000000)
  eden space 223232K, 0% used [0x00000000d7200000,0x00000000d7200000,0x00000000e4c00000)
  from space 197120K, 69% used [0x00000000e4c00000,0x00000000ed1ceda8,0x00000000f0c80000)
  to   space 211456K, 0% used [0x00000000f3180000,0x00000000f3180000,0x0000000100000000)
 ParOldGen       total 467456K, used 335402K [0x0000000085600000, 0x00000000a1e80000, 0x00000000d7200000)
  object space 467456K, 71% used [0x0000000085600000,0x0000000099d8a970,0x00000000a1e80000)
 Metaspace       used 46792K, capacity 47105K, committed 47448K, reserved 1091584K
  class space    used 5624K, capacity 5718K, committed 5760K, reserved 1048576K
}
Event: 532.957 GC heap before
{Heap before GC invocations=18 (full 4):
 PSYoungGen      total 420352K, used 360251K [0x00000000d7200000, 0x0000000100000000, 0x0000000100000000)
  eden space 223232K, 100% used [0x00000000d7200000,0x00000000e4c00000,0x00000000e4c00000)
  from space 197120K, 69% used [0x00000000e4c00000,0x00000000ed1ceda8,0x00000000f0c80000)
  to   space 211456K, 0% used [0x00000000f3180000,0x00000000f3180000,0x0000000100000000)
 ParOldGen       total 467456K, used 335402K [0x0000000085600000, 0x00000000a1e80000, 0x00000000d7200000)
  object space 467456K, 71% used [0x0000000085600000,0x0000000099d8aa18,0x00000000a1e80000)
 Metaspace       used 46867K, capacity 47169K, committed 47448K, reserved 1091584K
  class space    used 5624K, capacity 5718K, committed 5760K, reserved 1048576K
Event: 533.187 GC heap after
Heap after GC invocations=18 (full 4):
 PSYoungGen      total 435712K, used 138528K [0x00000000d7200000, 0x0000000100000000, 0x0000000100000000)
  eden space 224256K, 0% used [0x00000000d7200000,0x00000000d7200000,0x00000000e4d00000)
  from space 211456K, 65% used [0x00000000f3180000,0x00000000fb8c80d0,0x0000000100000000)
  to   space 222720K, 0% used [0x00000000e4d00000,0x00000000e4d00000,0x00000000f2680000)
 ParOldGen       total 467456K, used 335410K [0x0000000085600000, 0x00000000a1e80000, 0x00000000d7200000)
  object space 467456K, 71% used [0x0000000085600000,0x0000000099d8ca18,0x00000000a1e80000)
 Metaspace       used 46867K, capacity 47169K, committed 47448K, reserved 1091584K
  class space    used 5624K, capacity 5718K, committed 5760K, reserved 1048576K
}
Event: 574.509 GC heap before
{Heap before GC invocations=19 (full 4):
 PSYoungGen      total 435712K, used 362784K [0x00000000d7200000, 0x0000000100000000, 0x0000000100000000)
  eden space 224256K, 100% used [0x00000000d7200000,0x00000000e4d00000,0x00000000e4d00000)
  from space 211456K, 65% used [0x00000000f3180000,0x00000000fb8c80d0,0x0000000100000000)
  to   space 222720K, 0% used [0x00000000e4d00000,0x00000000e4d00000,0x00000000f2680000)
 ParOldGen       total 467456K, used 335413K [0x0000000085600000, 0x00000000a1e80000, 0x00000000d7200000)
  object space 467456K, 71% used [0x0000000085600000,0x0000000099d8d5c8,0x00000000a1e80000)
 Metaspace       used 47247K, capacity 47617K, committed 48088K, reserved 1091584K
  class space    used 5650K, capacity 5782K, committed 5888K, reserved 1048576K
Event: 574.856 GC heap after
Heap after GC invocations=19 (full 4):
 PSYoungGen      total 446976K, used 222692K [0x00000000d7200000, 0x0000000100000000, 0x0000000100000000)
  eden space 224256K, 0% used [0x00000000d7200000,0x00000000d7200000,0x00000000e4d00000)
  from space 222720K, 99% used [0x00000000e4d00000,0x00000000f2679100,0x00000000f2680000)
  to   space 222720K, 0% used [0x00000000f2680000,0x00000000f2680000,0x0000000100000000)
 ParOldGen       total 467456K, used 375765K [0x0000000085600000, 0x00000000a1e80000, 0x00000000d7200000)
  object space 467456K, 80% used [0x0000000085600000,0x000000009c4f55c8,0x00000000a1e80000)
 Metaspace       used 47247K, capacity 47617K, committed 48088K, reserved 1091584K
  class space    used 5650K, capacity 5782K, committed 5888K, reserved 1048576K
}

