# JRE version: OpenJDK Runtime Environment (8.0_275-b01) (build 1.8.0_275-b01)
# Java VM: OpenJDK 64-Bit Server VM (25.275-b01 mixed mode linux-amd64 compressed oops)
Heap:
 PSYoungGen      total 273408K, used 83451K [0x00000000d7200000, 0x00000000f0f80000, 0x0000000100000000)
  eden space 231424K, 17% used [0x00000000d7200000,0x00000000d9a83a10,0x00000000e5400000)
  from space 41984K, 99% used [0x00000000e9700000,0x00000000ebffb3e0,0x00000000ec000000)
  to   space 68608K, 0% used [0x00000000e5400000,0x00000000e5400000,0x00000000e9700000)
 ParOldGen       total 188928K, used 134659K [0x0000000085600000, 0x0000000090e80000, 0x00000000d7200000)
  object space 188928K, 71% used [0x0000000085600000,0x000000008d980ca8,0x0000000090e80000)
 Metaspace       used 50862K, capacity 51205K, committed 51800K, reserved 1095680K
  class space    used 6340K, capacity 6460K, committed 6528K, reserved 1048576K
GC Heap History (10 events):
Event: 20.543 GC heap before
{Heap before GC invocations=9 (full 1):
 PSYoungGen      total 135680K, used 107353K [0x00000000d7200000, 0x00000000e4c00000, 0x0000000100000000)
  eden space 126976K, 77% used [0x00000000d7200000,0x00000000dd258018,0x00000000dee00000)
  from space 8704K, 99% used [0x00000000dee00000,0x00000000df67e6e8,0x00000000df680000)
  to   space 10752K, 0% used [0x00000000e4180000,0x00000000e4180000,0x00000000e4c00000)
 ParOldGen       total 55296K, used 8253K [0x0000000085600000, 0x0000000088c00000, 0x00000000d7200000)
  object space 55296K, 14% used [0x0000000085600000,0x0000000085e0f4b8,0x0000000088c00000)
 Metaspace       used 34899K, capacity 35196K, committed 35416K, reserved 1079296K
  class space    used 4631K, capacity 4713K, committed 4736K, reserved 1048576K
Event: 20.560 GC heap after
Heap after GC invocations=9 (full 1):
 PSYoungGen      total 203776K, used 10741K [0x00000000d7200000, 0x00000000e4c00000, 0x0000000100000000)
  eden space 193024K, 0% used [0x00000000d7200000,0x00000000d7200000,0x00000000e2e80000)
  from space 10752K, 99% used [0x00000000e4180000,0x00000000e4bfd720,0x00000000e4c00000)
  to   space 12288K, 0% used [0x00000000e3400000,0x00000000e3400000,0x00000000e4000000)
 ParOldGen       total 55296K, used 8652K [0x0000000085600000, 0x0000000088c00000, 0x00000000d7200000)
  object space 55296K, 15% used [0x0000000085600000,0x0000000085e73300,0x0000000088c00000)
 Metaspace       used 34899K, capacity 35196K, committed 35416K, reserved 1079296K
  class space    used 4631K, capacity 4713K, committed 4736K, reserved 1048576K
}
Event: 20.560 GC heap before
{Heap before GC invocations=10 (full 2):
 PSYoungGen      total 203776K, used 10741K [0x00000000d7200000, 0x00000000e4c00000, 0x0000000100000000)
  eden space 193024K, 0% used [0x00000000d7200000,0x00000000d7200000,0x00000000e2e80000)
  from space 10752K, 99% used [0x00000000e4180000,0x00000000e4bfd720,0x00000000e4c00000)
  to   space 12288K, 0% used [0x00000000e3400000,0x00000000e3400000,0x00000000e4000000)
 ParOldGen       total 55296K, used 8652K [0x0000000085600000, 0x0000000088c00000, 0x00000000d7200000)
  object space 55296K, 15% used [0x0000000085600000,0x0000000085e73300,0x0000000088c00000)
 Metaspace       used 34899K, capacity 35196K, committed 35416K, reserved 1079296K
  class space    used 4631K, capacity 4713K, committed 4736K, reserved 1048576K
Event: 20.629 GC heap after
Heap after GC invocations=10 (full 2):
 PSYoungGen      total 203776K, used 0K [0x00000000d7200000, 0x00000000e4c00000, 0x0000000100000000)
  eden space 193024K, 0% used [0x00000000d7200000,0x00000000d7200000,0x00000000e2e80000)
  from space 10752K, 0% used [0x00000000e4180000,0x00000000e4180000,0x00000000e4c00000)
  to   space 12288K, 0% used [0x00000000e3400000,0x00000000e3400000,0x00000000e4000000)
 ParOldGen       total 81408K, used 17335K [0x0000000085600000, 0x000000008a580000, 0x00000000d7200000)
  object space 81408K, 21% used [0x0000000085600000,0x00000000866edf70,0x000000008a580000)
 Metaspace       used 34899K, capacity 35196K, committed 35416K, reserved 1079296K
  class space    used 4631K, capacity 4713K, committed 4736K, reserved 1048576K
}
Event: 222.692 GC heap before
{Heap before GC invocations=11 (full 2):
 PSYoungGen      total 203776K, used 193024K [0x00000000d7200000, 0x00000000e4c00000, 0x0000000100000000)
  eden space 193024K, 100% used [0x00000000d7200000,0x00000000e2e80000,0x00000000e2e80000)
  from space 10752K, 0% used [0x00000000e4180000,0x00000000e4180000,0x00000000e4c00000)
  to   space 12288K, 0% used [0x00000000e3400000,0x00000000e3400000,0x00000000e4000000)
 ParOldGen       total 81408K, used 17335K [0x0000000085600000, 0x000000008a580000, 0x00000000d7200000)
  object space 81408K, 21% used [0x0000000085600000,0x00000000866edf70,0x000000008a580000)
 Metaspace       used 41254K, capacity 41576K, committed 41944K, reserved 1085440K
  class space    used 5462K, capacity 5561K, committed 5632K, reserved 1048576K
Event: 222.826 GC heap after
Heap after GC invocations=11 (full 2):
 PSYoungGen      total 210944K, used 12257K [0x00000000d7200000, 0x00000000ec000000, 0x0000000100000000)
  eden space 198656K, 0% used [0x00000000d7200000,0x00000000d7200000,0x00000000e3400000)
  from space 12288K, 99% used [0x00000000e3400000,0x00000000e3ff8640,0x00000000e4000000)
  to   space 41984K, 0% used [0x00000000e9700000,0x00000000e9700000,0x00000000ec000000)
 ParOldGen       total 87040K, used 86658K [0x0000000085600000, 0x000000008ab00000, 0x00000000d7200000)
  object space 87040K, 99% used [0x0000000085600000,0x000000008aaa0bc0,0x000000008ab00000)
 Metaspace       used 41254K, capacity 41576K, committed 41944K, reserved 1085440K
  class space    used 5462K, capacity 5561K, committed 5632K, reserved 1048576K
}
Event: 222.827 GC heap before
{Heap before GC invocations=12 (full 3):
 PSYoungGen      total 210944K, used 12257K [0x00000000d7200000, 0x00000000ec000000, 0x0000000100000000)
  eden space 198656K, 0% used [0x00000000d7200000,0x00000000d7200000,0x00000000e3400000)
  from space 12288K, 99% used [0x00000000e3400000,0x00000000e3ff8640,0x00000000e4000000)
  to   space 41984K, 0% used [0x00000000e9700000,0x00000000e9700000,0x00000000ec000000)
 ParOldGen       total 87040K, used 86658K [0x0000000085600000, 0x000000008ab00000, 0x00000000d7200000)
  object space 87040K, 99% used [0x0000000085600000,0x000000008aaa0bc0,0x000000008ab00000)
 Metaspace       used 41254K, capacity 41576K, committed 41944K, reserved 1085440K
  class space    used 5462K, capacity 5561K, committed 5632K, reserved 1048576K
Event: 223.418 GC heap after
Heap after GC invocations=12 (full 3):
 PSYoungGen      total 210944K, used 10416K [0x00000000d7200000, 0x00000000ec000000, 0x0000000100000000)
  eden space 198656K, 0% used [0x00000000d7200000,0x00000000d7200000,0x00000000e3400000)
  from space 12288K, 84% used [0x00000000e3400000,0x00000000e3e2c350,0x00000000e4000000)
  to   space 41984K, 0% used [0x00000000e9700000,0x00000000e9700000,0x00000000ec000000)
 ParOldGen       total 188928K, used 83014K [0x0000000085600000, 0x0000000090e80000, 0x00000000d7200000)
  object space 188928K, 43% used [0x0000000085600000,0x000000008a711850,0x0000000090e80000)
 Metaspace       used 41254K, capacity 41576K, committed 41944K, reserved 1085440K
  class space    used 5462K, capacity 5561K, committed 5632K, reserved 1048576K
}
Event: 226.874 GC heap before
{Heap before GC invocations=13 (full 3):
 PSYoungGen      total 210944K, used 209072K [0x00000000d7200000, 0x00000000ec000000, 0x0000000100000000)
  eden space 198656K, 100% used [0x00000000d7200000,0x00000000e3400000,0x00000000e3400000)
  from space 12288K, 84% used [0x00000000e3400000,0x00000000e3e2c350,0x00000000e4000000)
  to   space 41984K, 0% used [0x00000000e9700000,0x00000000e9700000,0x00000000ec000000)
 ParOldGen       total 188928K, used 83014K [0x0000000085600000, 0x0000000090e80000, 0x00000000d7200000)
  object space 188928K, 43% used [0x0000000085600000,0x000000008a711850,0x0000000090e80000)
 Metaspace       used 49493K, capacity 49829K, committed 50392K, reserved 1093632K
  class space    used 6207K, capacity 6300K, committed 6400K, reserved 1048576K
Event: 227.064 GC heap after
Heap after GC invocations=13 (full 3):
 PSYoungGen      total 273408K, used 41964K [0x00000000d7200000, 0x00000000f0f80000, 0x0000000100000000)
  eden space 231424K, 0% used [0x00000000d7200000,0x00000000d7200000,0x00000000e5400000)
  from space 41984K, 99% used [0x00000000e9700000,0x00000000ebffb3e0,0x00000000ec000000)
  to   space 68608K, 0% used [0x00000000e5400000,0x00000000e5400000,0x00000000e9700000)
 ParOldGen       total 188928K, used 134659K [0x0000000085600000, 0x0000000090e80000, 0x00000000d7200000)
  object space 188928K, 71% used [0x0000000085600000,0x000000008d980ca8,0x0000000090e80000)
 Metaspace       used 49493K, capacity 49829K, committed 50392K, reserved 1093632K
  class space    used 6207K, capacity 6300K, committed 6400K, reserved 1048576K
}

