# JRE version: OpenJDK Runtime Environment AdoptOpenJDK (11.0.9+11) (build 11.0.9+11)
# Java VM: OpenJDK 64-Bit Server VM AdoptOpenJDK (11.0.9+11, mixed mode, tiered, compressed oops, serial gc, linux-amd64)
Heap:
 def new generation   total 70464K, used 33594K [0x0000000085e00000, 0x000000008aa70000, 0x00000000ae950000)
  eden space 62656K,  41% used [0x0000000085e00000, 0x000000008772eb88, 0x0000000089b30000)
  from space 7808K, 100% used [0x000000008a2d0000, 0x000000008aa70000, 0x000000008aa70000)
  to   space 7808K,   0% used [0x0000000089b30000, 0x0000000089b30000, 0x000000008a2d0000)
 tenured generation   total 156400K, used 144565K [0x00000000ae950000, 0x00000000b820c000, 0x0000000100000000)
   the space 156400K,  92% used [0x00000000ae950000, 0x00000000b767d630, 0x00000000b767d800, 0x00000000b820c000)
 Metaspace       used 44289K, capacity 44984K, committed 45528K, reserved 1089536K
  class space    used 5315K, capacity 5628K, committed 5632K, reserved 1048576K
GC Heap History (20 events):
Event: 11,250 GC heap before
{Heap before GC invocations=13 (full 0):
 def new generation   total 38080K, used 9300K [0x0000000085e00000, 0x0000000088750000, 0x00000000ae950000)
  eden space 33856K,  14% used [0x0000000085e00000, 0x00000000862f5020, 0x0000000087f10000)
  from space 4224K,  99% used [0x0000000088330000, 0x000000008874fff8, 0x0000000088750000)
  to   space 4224K,   0% used [0x0000000087f10000, 0x0000000087f10000, 0x0000000088330000)
 tenured generation   total 84672K, used 8025K [0x00000000ae950000, 0x00000000b3c00000, 0x0000000100000000)
   the space 84672K,   9% used [0x00000000ae950000, 0x00000000af126400, 0x00000000af126400, 0x00000000b3c00000)
 Metaspace       used 20517K, capacity 20979K, committed 21248K, reserved 1069056K
  class space    used 2248K, capacity 2450K, committed 2560K, reserved 1048576K
}
Event: 11,521 GC heap after
{Heap after GC invocations=14 (full 1):
 def new generation   total 38144K, used 0K [0x0000000085e00000, 0x0000000088760000, 0x00000000ae950000)
  eden space 33920K,   0% used [0x0000000085e00000, 0x0000000085e00000, 0x0000000087f20000)
  from space 4224K,   0% used [0x0000000087f20000, 0x0000000087f20000, 0x0000000088340000)
  to   space 4224K,   0% used [0x0000000088340000, 0x0000000088340000, 0x0000000088760000)
 tenured generation   total 84672K, used 12423K [0x00000000ae950000, 0x00000000b3c00000, 0x0000000100000000)
   the space 84672K,  14% used [0x00000000ae950000, 0x00000000af571d10, 0x00000000af571e00, 0x00000000b3c00000)
 Metaspace       used 20517K, capacity 20979K, committed 21248K, reserved 1069056K
  class space    used 2248K, capacity 2450K, committed 2560K, reserved 1048576K
}
Event: 14,152 GC heap before
{Heap before GC invocations=14 (full 1):
 def new generation   total 38144K, used 33920K [0x0000000085e00000, 0x0000000088760000, 0x00000000ae950000)
  eden space 33920K, 100% used [0x0000000085e00000, 0x0000000087f20000, 0x0000000087f20000)
  from space 4224K,   0% used [0x0000000087f20000, 0x0000000087f20000, 0x0000000088340000)
  to   space 4224K,   0% used [0x0000000088340000, 0x0000000088340000, 0x0000000088760000)
 tenured generation   total 84672K, used 12423K [0x00000000ae950000, 0x00000000b3c00000, 0x0000000100000000)
   the space 84672K,  14% used [0x00000000ae950000, 0x00000000af571d10, 0x00000000af571e00, 0x00000000b3c00000)
 Metaspace       used 26547K, capacity 27215K, committed 27520K, reserved 1073152K
  class space    used 3031K, capacity 3335K, committed 3456K, reserved 1048576K
}
Event: 14,162 GC heap after
{Heap after GC invocations=15 (full 1):
 def new generation   total 38144K, used 3622K [0x0000000085e00000, 0x0000000088760000, 0x00000000ae950000)
  eden space 33920K,   0% used [0x0000000085e00000, 0x0000000085e00000, 0x0000000087f20000)
  from space 4224K,  85% used [0x0000000088340000, 0x00000000886c9a08, 0x0000000088760000)
  to   space 4224K,   0% used [0x0000000087f20000, 0x0000000087f20000, 0x0000000088340000)
 tenured generation   total 84672K, used 12423K [0x00000000ae950000, 0x00000000b3c00000, 0x0000000100000000)
   the space 84672K,  14% used [0x00000000ae950000, 0x00000000af571d10, 0x00000000af571e00, 0x00000000b3c00000)
 Metaspace       used 26547K, capacity 27215K, committed 27520K, reserved 1073152K
  class space    used 3031K, capacity 3335K, committed 3456K, reserved 1048576K
}
Event: 16,337 GC heap before
{Heap before GC invocations=15 (full 1):
 def new generation   total 38144K, used 37542K [0x0000000085e00000, 0x0000000088760000, 0x00000000ae950000)
  eden space 33920K, 100% used [0x0000000085e00000, 0x0000000087f20000, 0x0000000087f20000)
  from space 4224K,  85% used [0x0000000088340000, 0x00000000886c9a08, 0x0000000088760000)
  to   space 4224K,   0% used [0x0000000087f20000, 0x0000000087f20000, 0x0000000088340000)
 tenured generation   total 84672K, used 12423K [0x00000000ae950000, 0x00000000b3c00000, 0x0000000100000000)
   the space 84672K,  14% used [0x00000000ae950000, 0x00000000af571d10, 0x00000000af571e00, 0x00000000b3c00000)
 Metaspace       used 32285K, capacity 33012K, committed 33408K, reserved 1079296K
  class space    used 3831K, capacity 4097K, committed 4224K, reserved 1048576K
}
Event: 16,376 GC heap after
{Heap after GC invocations=16 (full 1):
 def new generation   total 38144K, used 2183K [0x0000000085e00000, 0x0000000088760000, 0x00000000ae950000)
  eden space 33920K,   0% used [0x0000000085e00000, 0x0000000085e00000, 0x0000000087f20000)
  from space 4224K,  51% used [0x0000000087f20000, 0x0000000088141df0, 0x0000000088340000)
  to   space 4224K,   0% used [0x0000000088340000, 0x0000000088340000, 0x0000000088760000)
 tenured generation   total 84672K, used 15984K [0x00000000ae950000, 0x00000000b3c00000, 0x0000000100000000)
   the space 84672K,  18% used [0x00000000ae950000, 0x00000000af8ec2e0, 0x00000000af8ec400, 0x00000000b3c00000)
 Metaspace       used 32285K, capacity 33012K, committed 33408K, reserved 1079296K
  class space    used 3831K, capacity 4097K, committed 4224K, reserved 1048576K
}
Event: 16,868 GC heap before
{Heap before GC invocations=16 (full 1):
 def new generation   total 38144K, used 13474K [0x0000000085e00000, 0x0000000088760000, 0x00000000ae950000)
  eden space 33920K,  33% used [0x0000000085e00000, 0x0000000086906b48, 0x0000000087f20000)
  from space 4224K,  51% used [0x0000000087f20000, 0x0000000088141df0, 0x0000000088340000)
  to   space 4224K,   0% used [0x0000000088340000, 0x0000000088340000, 0x0000000088760000)
 tenured generation   total 84672K, used 15984K [0x00000000ae950000, 0x00000000b3c00000, 0x0000000100000000)
   the space 84672K,  18% used [0x00000000ae950000, 0x00000000af8ec2e0, 0x00000000af8ec400, 0x00000000b3c00000)
 Metaspace       used 34282K, capacity 35005K, committed 35416K, reserved 1081344K
  class space    used 4107K, capacity 4419K, committed 4480K, reserved 1048576K
}
Event: 16,935 GC heap after
{Heap after GC invocations=17 (full 2):
 def new generation   total 38144K, used 0K [0x0000000085e00000, 0x0000000088760000, 0x00000000ae950000)
  eden space 33920K,   0% used [0x0000000085e00000, 0x0000000085e00000, 0x0000000087f20000)
  from space 4224K,   0% used [0x0000000087f20000, 0x0000000087f20000, 0x0000000088340000)
  to   space 4224K,   0% used [0x0000000088340000, 0x0000000088340000, 0x0000000088760000)
 tenured generation   total 84672K, used 19281K [0x00000000ae950000, 0x00000000b3c00000, 0x0000000100000000)
   the space 84672K,  22% used [0x00000000ae950000, 0x00000000afc244f8, 0x00000000afc24600, 0x00000000b3c00000)
 Metaspace       used 34282K, capacity 35005K, committed 35416K, reserved 1081344K
  class space    used 4107K, capacity 4419K, committed 4480K, reserved 1048576K
}
Event: 18,866 GC heap before
{Heap before GC invocations=17 (full 2):
 def new generation   total 38144K, used 33920K [0x0000000085e00000, 0x0000000088760000, 0x00000000ae950000)
  eden space 33920K, 100% used [0x0000000085e00000, 0x0000000087f20000, 0x0000000087f20000)
  from space 4224K,   0% used [0x0000000087f20000, 0x0000000087f20000, 0x0000000088340000)
  to   space 4224K,   0% used [0x0000000088340000, 0x0000000088340000, 0x0000000088760000)
 tenured generation   total 84672K, used 19281K [0x00000000ae950000, 0x00000000b3c00000, 0x0000000100000000)
   the space 84672K,  22% used [0x00000000ae950000, 0x00000000afc244f8, 0x00000000afc24600, 0x00000000b3c00000)
 Metaspace       used 37961K, capacity 38709K, committed 39128K, reserved 1083392K
  class space    used 4498K, capacity 4821K, committed 4864K, reserved 1048576K
}
Event: 18,872 GC heap after
{Heap after GC invocations=18 (full 2):
 def new generation   total 38144K, used 1455K [0x0000000085e00000, 0x0000000088760000, 0x00000000ae950000)
  eden space 33920K,   0% used [0x0000000085e00000, 0x0000000085e00000, 0x0000000087f20000)
  from space 4224K,  34% used [0x0000000088340000, 0x00000000884abf50, 0x0000000088760000)
  to   space 4224K,   0% used [0x0000000087f20000, 0x0000000087f20000, 0x0000000088340000)
 tenured generation   total 84672K, used 19281K [0x00000000ae950000, 0x00000000b3c00000, 0x0000000100000000)
   the space 84672K,  22% used [0x00000000ae950000, 0x00000000afc244f8, 0x00000000afc24600, 0x00000000b3c00000)
 Metaspace       used 37961K, capacity 38709K, committed 39128K, reserved 1083392K
  class space    used 4498K, capacity 4821K, committed 4864K, reserved 1048576K
}
Event: 19,970 GC heap before
{Heap before GC invocations=18 (full 2):
 def new generation   total 38144K, used 35375K [0x0000000085e00000, 0x0000000088760000, 0x00000000ae950000)
  eden space 33920K, 100% used [0x0000000085e00000, 0x0000000087f20000, 0x0000000087f20000)
  from space 4224K,  34% used [0x0000000088340000, 0x00000000884abf50, 0x0000000088760000)
  to   space 4224K,   0% used [0x0000000087f20000, 0x0000000087f20000, 0x0000000088340000)
 tenured generation   total 84672K, used 19281K [0x00000000ae950000, 0x00000000b3c00000, 0x0000000100000000)
   the space 84672K,  22% used [0x00000000ae950000, 0x00000000afc244f8, 0x00000000afc24600, 0x00000000b3c00000)
 Metaspace       used 40524K, capacity 41269K, committed 41816K, reserved 1085440K
  class space    used 4883K, capacity 5205K, committed 5248K, reserved 1048576K
}
Event: 19,985 GC heap after
{Heap after GC invocations=19 (full 2):
 def new generation   total 38144K, used 2575K [0x0000000085e00000, 0x0000000088760000, 0x00000000ae950000)
  eden space 33920K,   0% used [0x0000000085e00000, 0x0000000085e00000, 0x0000000087f20000)
  from space 4224K,  60% used [0x0000000087f20000, 0x00000000881a3c00, 0x0000000088340000)
  to   space 4224K,   0% used [0x0000000088340000, 0x0000000088340000, 0x0000000088760000)
 tenured generation   total 84672K, used 19281K [0x00000000ae950000, 0x00000000b3c00000, 0x0000000100000000)
   the space 84672K,  22% used [0x00000000ae950000, 0x00000000afc244f8, 0x00000000afc24600, 0x00000000b3c00000)
 Metaspace       used 40524K, capacity 41269K, committed 41816K, reserved 1085440K
  class space    used 4883K, capacity 5205K, committed 5248K, reserved 1048576K
}
Event: 26,696 GC heap before
{Heap before GC invocations=19 (full 2):
 def new generation   total 38144K, used 36495K [0x0000000085e00000, 0x0000000088760000, 0x00000000ae950000)
  eden space 33920K, 100% used [0x0000000085e00000, 0x0000000087f20000, 0x0000000087f20000)
  from space 4224K,  60% used [0x0000000087f20000, 0x00000000881a3c00, 0x0000000088340000)
  to   space 4224K,   0% used [0x0000000088340000, 0x0000000088340000, 0x0000000088760000)
 tenured generation   total 84672K, used 19281K [0x00000000ae950000, 0x00000000b3c00000, 0x0000000100000000)
   the space 84672K,  22% used [0x00000000ae950000, 0x00000000afc244f8, 0x00000000afc24600, 0x00000000b3c00000)
 Metaspace       used 44165K, capacity 44920K, committed 45528K, reserved 1089536K
  class space    used 5305K, capacity 5628K, committed 5632K, reserved 1048576K
}
Event: 26,792 GC heap after
{Heap after GC invocations=20 (full 2):
 def new generation   total 38144K, used 4224K [0x0000000085e00000, 0x0000000088760000, 0x00000000ae950000)
  eden space 33920K,   0% used [0x0000000085e00000, 0x0000000085e00000, 0x0000000087f20000)
  from space 4224K, 100% used [0x0000000088340000, 0x0000000088760000, 0x0000000088760000)
  to   space 4224K,   0% used [0x0000000087f20000, 0x0000000087f20000, 0x0000000088340000)
 tenured generation   total 84672K, used 29645K [0x00000000ae950000, 0x00000000b3c00000, 0x0000000100000000)
   the space 84672K,  35% used [0x00000000ae950000, 0x00000000b0643778, 0x00000000b0643800, 0x00000000b3c00000)
 Metaspace       used 44165K, capacity 44920K, committed 45528K, reserved 1089536K
  class space    used 5305K, capacity 5628K, committed 5632K, reserved 1048576K
}
Event: 26,818 GC heap before
{Heap before GC invocations=20 (full 2):
 def new generation   total 38144K, used 38144K [0x0000000085e00000, 0x0000000088760000, 0x00000000ae950000)
  eden space 33920K, 100% used [0x0000000085e00000, 0x0000000087f20000, 0x0000000087f20000)
  from space 4224K, 100% used [0x0000000088340000, 0x0000000088760000, 0x0000000088760000)
  to   space 4224K,   0% used [0x0000000087f20000, 0x0000000087f20000, 0x0000000088340000)
 tenured generation   total 84672K, used 29645K [0x00000000ae950000, 0x00000000b3c00000, 0x0000000100000000)
   the space 84672K,  35% used [0x00000000ae950000, 0x00000000b0643778, 0x00000000b0643800, 0x00000000b3c00000)
 Metaspace       used 44165K, capacity 44920K, committed 45528K, reserved 1089536K
  class space    used 5305K, capacity 5628K, committed 5632K, reserved 1048576K
}
Event: 27,100 GC heap after
{Heap after GC invocations=21 (full 2):
 def new generation   total 38144K, used 4224K [0x0000000085e00000, 0x0000000088760000, 0x00000000ae950000)
  eden space 33920K,   0% used [0x0000000085e00000, 0x0000000085e00000, 0x0000000087f20000)
  from space 4224K, 100% used [0x0000000087f20000, 0x0000000088340000, 0x0000000088340000)
  to   space 4224K,   0% used [0x0000000088340000, 0x0000000088340000, 0x0000000088760000)
 tenured generation   total 84672K, used 61994K [0x00000000ae950000, 0x00000000b3c00000, 0x0000000100000000)
   the space 84672K,  73% used [0x00000000ae950000, 0x00000000b25da9c8, 0x00000000b25daa00, 0x00000000b3c00000)
 Metaspace       used 44165K, capacity 44920K, committed 45528K, reserved 1089536K
  class space    used 5305K, capacity 5628K, committed 5632K, reserved 1048576K
}
Event: 27,180 GC heap before
{Heap before GC invocations=21 (full 2):
 def new generation   total 38144K, used 38144K [0x0000000085e00000, 0x0000000088760000, 0x00000000ae950000)
  eden space 33920K, 100% used [0x0000000085e00000, 0x0000000087f20000, 0x0000000087f20000)
  from space 4224K, 100% used [0x0000000087f20000, 0x0000000088340000, 0x0000000088340000)
  to   space 4224K,   0% used [0x0000000088340000, 0x0000000088340000, 0x0000000088760000)
 tenured generation   total 84672K, used 61994K [0x00000000ae950000, 0x00000000b3c00000, 0x0000000100000000)
   the space 84672K,  73% used [0x00000000ae950000, 0x00000000b25da9c8, 0x00000000b25daa00, 0x00000000b3c00000)
 Metaspace       used 44165K, capacity 44920K, committed 45528K, reserved 1089536K
  class space    used 5305K, capacity 5628K, committed 5632K, reserved 1048576K
}
Event: 27,788 GC heap after
{Heap after GC invocations=22 (full 3):
 def new generation   total 70464K, used 4223K [0x0000000085e00000, 0x000000008aa70000, 0x00000000ae950000)
  eden space 62656K,   6% used [0x0000000085e00000, 0x000000008621ffe0, 0x0000000089b30000)
  from space 7808K,   0% used [0x0000000089b30000, 0x0000000089b30000, 0x000000008a2d0000)
  to   space 7808K,   0% used [0x000000008a2d0000, 0x000000008a2d0000, 0x000000008aa70000)
 tenured generation   total 156400K, used 93838K [0x00000000ae950000, 0x00000000b820c000, 0x0000000100000000)
   the space 156400K,  59% used [0x00000000ae950000, 0x00000000b44f3a00, 0x00000000b44f3a00, 0x00000000b820c000)
 Metaspace       used 44165K, capacity 44920K, committed 45528K, reserved 1089536K
  class space    used 5305K, capacity 5628K, committed 5632K, reserved 1048576K
}
Event: 28,195 GC heap before
{Heap before GC invocations=22 (full 3):
 def new generation   total 70464K, used 62656K [0x0000000085e00000, 0x000000008aa70000, 0x00000000ae950000)
  eden space 62656K, 100% used [0x0000000085e00000, 0x0000000089b30000, 0x0000000089b30000)
  from space 7808K,   0% used [0x0000000089b30000, 0x0000000089b30000, 0x000000008a2d0000)
  to   space 7808K,   0% used [0x000000008a2d0000, 0x000000008a2d0000, 0x000000008aa70000)
 tenured generation   total 156400K, used 93838K [0x00000000ae950000, 0x00000000b820c000, 0x0000000100000000)
   the space 156400K,  59% used [0x00000000ae950000, 0x00000000b44f3a00, 0x00000000b44f3a00, 0x00000000b820c000)
 Metaspace       used 44180K, capacity 44920K, committed 45528K, reserved 1089536K
  class space    used 5305K, capacity 5628K, committed 5632K, reserved 1048576K
}
Event: 28,722 GC heap after
{Heap after GC invocations=23 (full 3):
 def new generation   total 70464K, used 7808K [0x0000000085e00000, 0x000000008aa70000, 0x00000000ae950000)
  eden space 62656K,   0% used [0x0000000085e00000, 0x0000000085e00000, 0x0000000089b30000)
  from space 7808K, 100% used [0x000000008a2d0000, 0x000000008aa70000, 0x000000008aa70000)
  to   space 7808K,   0% used [0x0000000089b30000, 0x0000000089b30000, 0x000000008a2d0000)
 tenured generation   total 156400K, used 144565K [0x00000000ae950000, 0x00000000b820c000, 0x0000000100000000)
   the space 156400K,  92% used [0x00000000ae950000, 0x00000000b767d630, 0x00000000b767d800, 0x00000000b820c000)
 Metaspace       used 44180K, capacity 44920K, committed 45528K, reserved 1089536K
  class space    used 5305K, capacity 5628K, committed 5632K, reserved 1048576K
}

