# JRE version: OpenJDK Runtime Environment (8.0_275-b01) (build 1.8.0_275-b01)
# Java VM: OpenJDK 64-Bit Server VM (25.275-b01 mixed mode linux-amd64 compressed oops)
Heap:
 PSYoungGen      total 232448K, used 96562K [0x00000000d7200000, 0x00000000f3600000, 0x0000000100000000)
  eden space 220160K, 38% used [0x00000000d7200000,0x00000000dc450ce8,0x00000000e4900000)
  from space 12288K, 99% used [0x00000000e4900000,0x00000000e54fbc00,0x00000000e5500000)
  to   space 64512K, 0% used [0x00000000ef700000,0x00000000ef700000,0x00000000f3600000)
 ParOldGen       total 258048K, used 138591K [0x0000000085600000, 0x0000000095200000, 0x00000000d7200000)
  object space 258048K, 53% used [0x0000000085600000,0x000000008dd57f78,0x0000000095200000)
 Metaspace       used 44608K, capacity 44875K, committed 45272K, reserved 1089536K
  class space    used 5507K, capacity 5581K, committed 5632K, reserved 1048576K
GC Heap History (10 events):
Event: 11.384 GC heap before
{Heap before GC invocations=8 (full 1):
 PSYoungGen      total 135680K, used 126976K [0x00000000d7200000, 0x00000000dff00000, 0x0000000100000000)
  eden space 126976K, 100% used [0x00000000d7200000,0x00000000dee00000,0x00000000dee00000)
  from space 8704K, 0% used [0x00000000df680000,0x00000000df680000,0x00000000dff00000)
  to   space 8704K, 0% used [0x00000000dee00000,0x00000000dee00000,0x00000000df680000)
 ParOldGen       total 49152K, used 7261K [0x0000000085600000, 0x0000000088600000, 0x00000000d7200000)
  object space 49152K, 14% used [0x0000000085600000,0x0000000085d17660,0x0000000088600000)
 Metaspace       used 30249K, capacity 30468K, committed 30848K, reserved 1075200K
  class space    used 4024K, capacity 4099K, committed 4224K, reserved 1048576K
Event: 11.435 GC heap after
Heap after GC invocations=8 (full 1):
 PSYoungGen      total 135680K, used 8699K [0x00000000d7200000, 0x00000000e6100000, 0x0000000100000000)
  eden space 126976K, 0% used [0x00000000d7200000,0x00000000d7200000,0x00000000dee00000)
  from space 8704K, 99% used [0x00000000dee00000,0x00000000df67eda8,0x00000000df680000)
  to   space 10752K, 0% used [0x00000000e5680000,0x00000000e5680000,0x00000000e6100000)
 ParOldGen       total 49152K, used 8286K [0x0000000085600000, 0x0000000088600000, 0x00000000d7200000)
  object space 49152K, 16% used [0x0000000085600000,0x0000000085e17a78,0x0000000088600000)
 Metaspace       used 30249K, capacity 30468K, committed 30848K, reserved 1075200K
  class space    used 4024K, capacity 4099K, committed 4224K, reserved 1048576K
}
Event: 35.057 GC heap before
{Heap before GC invocations=9 (full 1):
 PSYoungGen      total 135680K, used 104763K [0x00000000d7200000, 0x00000000e6100000, 0x0000000100000000)
  eden space 126976K, 75% used [0x00000000d7200000,0x00000000dcfcfe98,0x00000000dee00000)
  from space 8704K, 99% used [0x00000000dee00000,0x00000000df67eda8,0x00000000df680000)
  to   space 10752K, 0% used [0x00000000e5680000,0x00000000e5680000,0x00000000e6100000)
 ParOldGen       total 49152K, used 8286K [0x0000000085600000, 0x0000000088600000, 0x00000000d7200000)
  object space 49152K, 16% used [0x0000000085600000,0x0000000085e17a78,0x0000000088600000)
 Metaspace       used 34932K, capacity 35180K, committed 35416K, reserved 1079296K
  class space    used 4609K, capacity 4681K, committed 4736K, reserved 1048576K
Event: 35.100 GC heap after
Heap after GC invocations=9 (full 1):
 PSYoungGen      total 227328K, used 10682K [0x00000000d7200000, 0x00000000e6100000, 0x0000000100000000)
  eden space 216576K, 0% used [0x00000000d7200000,0x00000000d7200000,0x00000000e4580000)
  from space 10752K, 99% used [0x00000000e5680000,0x00000000e60ee8d0,0x00000000e6100000)
  to   space 12288K, 0% used [0x00000000e4900000,0x00000000e4900000,0x00000000e5500000)
 ParOldGen       total 49152K, used 8294K [0x0000000085600000, 0x0000000088600000, 0x00000000d7200000)
  object space 49152K, 16% used [0x0000000085600000,0x0000000085e19a78,0x0000000088600000)
 Metaspace       used 34932K, capacity 35180K, committed 35416K, reserved 1079296K
  class space    used 4609K, capacity 4681K, committed 4736K, reserved 1048576K
}
Event: 35.100 GC heap before
{Heap before GC invocations=10 (full 2):
 PSYoungGen      total 227328K, used 10682K [0x00000000d7200000, 0x00000000e6100000, 0x0000000100000000)
  eden space 216576K, 0% used [0x00000000d7200000,0x00000000d7200000,0x00000000e4580000)
  from space 10752K, 99% used [0x00000000e5680000,0x00000000e60ee8d0,0x00000000e6100000)
  to   space 12288K, 0% used [0x00000000e4900000,0x00000000e4900000,0x00000000e5500000)
 ParOldGen       total 49152K, used 8294K [0x0000000085600000, 0x0000000088600000, 0x00000000d7200000)
  object space 49152K, 16% used [0x0000000085600000,0x0000000085e19a78,0x0000000088600000)
 Metaspace       used 34932K, capacity 35180K, committed 35416K, reserved 1079296K
  class space    used 4609K, capacity 4681K, committed 4736K, reserved 1048576K
Event: 35.209 GC heap after
Heap after GC invocations=10 (full 2):
 PSYoungGen      total 227328K, used 0K [0x00000000d7200000, 0x00000000e6100000, 0x0000000100000000)
  eden space 216576K, 0% used [0x00000000d7200000,0x00000000d7200000,0x00000000e4580000)
  from space 10752K, 0% used [0x00000000e5680000,0x00000000e5680000,0x00000000e6100000)
  to   space 12288K, 0% used [0x00000000e4900000,0x00000000e4900000,0x00000000e5500000)
 ParOldGen       total 68096K, used 16839K [0x0000000085600000, 0x0000000089880000, 0x00000000d7200000)
  object space 68096K, 24% used [0x0000000085600000,0x0000000086671de8,0x0000000089880000)
 Metaspace       used 34932K, capacity 35180K, committed 35416K, reserved 1079296K
  class space    used 4609K, capacity 4681K, committed 4736K, reserved 1048576K
}
Event: 37.153 GC heap before
{Heap before GC invocations=11 (full 2):
 PSYoungGen      total 227328K, used 216576K [0x00000000d7200000, 0x00000000e6100000, 0x0000000100000000)
  eden space 216576K, 100% used [0x00000000d7200000,0x00000000e4580000,0x00000000e4580000)
  from space 10752K, 0% used [0x00000000e5680000,0x00000000e5680000,0x00000000e6100000)
  to   space 12288K, 0% used [0x00000000e4900000,0x00000000e4900000,0x00000000e5500000)
 ParOldGen       total 68096K, used 16839K [0x0000000085600000, 0x0000000089880000, 0x00000000d7200000)
  object space 68096K, 24% used [0x0000000085600000,0x0000000086671de8,0x0000000089880000)
 Metaspace       used 38003K, capacity 38290K, committed 38616K, reserved 1083392K
  class space    used 4968K, capacity 5074K, committed 5120K, reserved 1048576K
Event: 37.615 GC heap after
Heap after GC invocations=11 (full 2):
 PSYoungGen      total 232448K, used 12276K [0x00000000d7200000, 0x00000000f3600000, 0x0000000100000000)
  eden space 220160K, 0% used [0x00000000d7200000,0x00000000d7200000,0x00000000e4900000)
  from space 12288K, 99% used [0x00000000e4900000,0x00000000e54fd020,0x00000000e5500000)
  to   space 64512K, 0% used [0x00000000ef700000,0x00000000ef700000,0x00000000f3600000)
 ParOldGen       total 142336K, used 141790K [0x0000000085600000, 0x000000008e100000, 0x00000000d7200000)
  object space 142336K, 99% used [0x0000000085600000,0x000000008e077a98,0x000000008e100000)
 Metaspace       used 38003K, capacity 38290K, committed 38616K, reserved 1083392K
  class space    used 4968K, capacity 5074K, committed 5120K, reserved 1048576K
}
Event: 37.616 GC heap before
{Heap before GC invocations=12 (full 3):
 PSYoungGen      total 232448K, used 12276K [0x00000000d7200000, 0x00000000f3600000, 0x0000000100000000)
  eden space 220160K, 0% used [0x00000000d7200000,0x00000000d7200000,0x00000000e4900000)
  from space 12288K, 99% used [0x00000000e4900000,0x00000000e54fd020,0x00000000e5500000)
  to   space 64512K, 0% used [0x00000000ef700000,0x00000000ef700000,0x00000000f3600000)
 ParOldGen       total 142336K, used 141790K [0x0000000085600000, 0x000000008e100000, 0x00000000d7200000)
  object space 142336K, 99% used [0x0000000085600000,0x000000008e077a98,0x000000008e100000)
 Metaspace       used 38003K, capacity 38290K, committed 38616K, reserved 1083392K
  class space    used 4968K, capacity 5074K, committed 5120K, reserved 1048576K
Event: 38.691 GC heap after
Heap after GC invocations=12 (full 3):
 PSYoungGen      total 232448K, used 12271K [0x00000000d7200000, 0x00000000f3600000, 0x0000000100000000)
  eden space 220160K, 0% used [0x00000000d7200000,0x00000000d7200000,0x00000000e4900000)
  from space 12288K, 99% used [0x00000000e4900000,0x00000000e54fbc00,0x00000000e5500000)
  to   space 64512K, 0% used [0x00000000ef700000,0x00000000ef700000,0x00000000f3600000)
 ParOldGen       total 258048K, used 138591K [0x0000000085600000, 0x0000000095200000, 0x00000000d7200000)
  object space 258048K, 53% used [0x0000000085600000,0x000000008dd57f78,0x0000000095200000)
 Metaspace       used 38003K, capacity 38290K, committed 38616K, reserved 1083392K
  class space    used 4968K, capacity 5074K, committed 5120K, reserved 1048576K
}

