# JRE version: OpenJDK Runtime Environment (8.0_275-b01) (build 1.8.0_275-b01)
# Java VM: OpenJDK 64-Bit Server VM (25.275-b01 mixed mode linux-amd64 compressed oops)
Heap:
 PSYoungGen      total 293376K, used 286334K [0x00000000d7200000, 0x00000000fa300000, 0x0000000100000000)
  eden space 280576K, 98% used [0x00000000d7200000,0x00000000e7f35e18,0x00000000e8400000)
  from space 12800K, 83% used [0x00000000ec880000,0x00000000ed2e9bd8,0x00000000ed500000)
  to   space 70144K, 0% used [0x00000000e8400000,0x00000000e8400000,0x00000000ec880000)
 ParOldGen       total 288256K, used 143881K [0x0000000085600000, 0x0000000096f80000, 0x00000000d7200000)
  object space 288256K, 49% used [0x0000000085600000,0x000000008e2827a8,0x0000000096f80000)
 Metaspace       used 46457K, capacity 46807K, committed 47192K, reserved 1091584K
  class space    used 5626K, capacity 5711K, committed 5760K, reserved 1048576K
GC Heap History (10 events):
Event: 7.703 GC heap before
{Heap before GC invocations=7 (full 1):
 PSYoungGen      total 132096K, used 126976K [0x00000000d7200000, 0x00000000e7c00000, 0x0000000100000000)
  eden space 126976K, 100% used [0x00000000d7200000,0x00000000dee00000,0x00000000dee00000)
  from space 5120K, 0% used [0x00000000dee00000,0x00000000dee00000,0x00000000df300000)
  to   space 9216K, 0% used [0x00000000e7300000,0x00000000e7300000,0x00000000e7c00000)
 ParOldGen       total 52736K, used 7527K [0x0000000085600000, 0x0000000088980000, 0x00000000d7200000)
  object space 52736K, 14% used [0x0000000085600000,0x0000000085d59dc0,0x0000000088980000)
 Metaspace       used 30228K, capacity 30468K, committed 30848K, reserved 1075200K
  class space    used 4025K, capacity 4099K, committed 4224K, reserved 1048576K
Event: 7.726 GC heap after
Heap after GC invocations=7 (full 1):
 PSYoungGen      total 220160K, used 9211K [0x00000000d7200000, 0x00000000e7c00000, 0x0000000100000000)
  eden space 210944K, 0% used [0x00000000d7200000,0x00000000d7200000,0x00000000e4000000)
  from space 9216K, 99% used [0x00000000e7300000,0x00000000e7bfed98,0x00000000e7c00000)
  to   space 10752K, 0% used [0x00000000e6700000,0x00000000e6700000,0x00000000e7180000)
 ParOldGen       total 52736K, used 7997K [0x0000000085600000, 0x0000000088980000, 0x00000000d7200000)
  object space 52736K, 15% used [0x0000000085600000,0x0000000085dcf5f0,0x0000000088980000)
 Metaspace       used 30228K, capacity 30468K, committed 30848K, reserved 1075200K
  class space    used 4025K, capacity 4099K, committed 4224K, reserved 1048576K
}
Event: 12.351 GC heap before
{Heap before GC invocations=8 (full 1):
 PSYoungGen      total 220160K, used 118421K [0x00000000d7200000, 0x00000000e7c00000, 0x0000000100000000)
  eden space 210944K, 51% used [0x00000000d7200000,0x00000000ddca67d0,0x00000000e4000000)
  from space 9216K, 99% used [0x00000000e7300000,0x00000000e7bfed98,0x00000000e7c00000)
  to   space 10752K, 0% used [0x00000000e6700000,0x00000000e6700000,0x00000000e7180000)
 ParOldGen       total 52736K, used 7997K [0x0000000085600000, 0x0000000088980000, 0x00000000d7200000)
  object space 52736K, 15% used [0x0000000085600000,0x0000000085dcf5f0,0x0000000088980000)
 Metaspace       used 35011K, capacity 35212K, committed 35416K, reserved 1079296K
  class space    used 4649K, capacity 4713K, committed 4736K, reserved 1048576K
Event: 12.370 GC heap after
Heap after GC invocations=8 (full 1):
 PSYoungGen      total 261632K, used 10746K [0x00000000d7200000, 0x00000000ed500000, 0x0000000100000000)
  eden space 250880K, 0% used [0x00000000d7200000,0x00000000d7200000,0x00000000e6700000)
  from space 10752K, 99% used [0x00000000e6700000,0x00000000e717e910,0x00000000e7180000)
  to   space 12800K, 0% used [0x00000000ec880000,0x00000000ec880000,0x00000000ed500000)
 ParOldGen       total 52736K, used 8212K [0x0000000085600000, 0x0000000088980000, 0x00000000d7200000)
  object space 52736K, 15% used [0x0000000085600000,0x0000000085e05370,0x0000000088980000)
 Metaspace       used 35011K, capacity 35212K, committed 35416K, reserved 1079296K
  class space    used 4649K, capacity 4713K, committed 4736K, reserved 1048576K
}
Event: 12.370 GC heap before
{Heap before GC invocations=9 (full 2):
 PSYoungGen      total 261632K, used 10746K [0x00000000d7200000, 0x00000000ed500000, 0x0000000100000000)
  eden space 250880K, 0% used [0x00000000d7200000,0x00000000d7200000,0x00000000e6700000)
  from space 10752K, 99% used [0x00000000e6700000,0x00000000e717e910,0x00000000e7180000)
  to   space 12800K, 0% used [0x00000000ec880000,0x00000000ec880000,0x00000000ed500000)
 ParOldGen       total 52736K, used 8212K [0x0000000085600000, 0x0000000088980000, 0x00000000d7200000)
  object space 52736K, 15% used [0x0000000085600000,0x0000000085e05370,0x0000000088980000)
 Metaspace       used 35011K, capacity 35212K, committed 35416K, reserved 1079296K
  class space    used 4649K, capacity 4713K, committed 4736K, reserved 1048576K
Event: 12.522 GC heap after
Heap after GC invocations=9 (full 2):
 PSYoungGen      total 261632K, used 0K [0x00000000d7200000, 0x00000000ed500000, 0x0000000100000000)
  eden space 250880K, 0% used [0x00000000d7200000,0x00000000d7200000,0x00000000e6700000)
  from space 10752K, 0% used [0x00000000e6700000,0x00000000e6700000,0x00000000e7180000)
  to   space 12800K, 0% used [0x00000000ec880000,0x00000000ec880000,0x00000000ed500000)
 ParOldGen       total 80896K, used 17753K [0x0000000085600000, 0x000000008a500000, 0x00000000d7200000)
  object space 80896K, 21% used [0x0000000085600000,0x0000000086756760,0x000000008a500000)
 Metaspace       used 35011K, capacity 35212K, committed 35416K, reserved 1079296K
  class space    used 4649K, capacity 4713K, committed 4736K, reserved 1048576K
}
Event: 14.353 GC heap before
{Heap before GC invocations=10 (full 2):
 PSYoungGen      total 261632K, used 250880K [0x00000000d7200000, 0x00000000ed500000, 0x0000000100000000)
  eden space 250880K, 100% used [0x00000000d7200000,0x00000000e6700000,0x00000000e6700000)
  from space 10752K, 0% used [0x00000000e6700000,0x00000000e6700000,0x00000000e7180000)
  to   space 12800K, 0% used [0x00000000ec880000,0x00000000ec880000,0x00000000ed500000)
 ParOldGen       total 80896K, used 17753K [0x0000000085600000, 0x000000008a500000, 0x00000000d7200000)
  object space 80896K, 21% used [0x0000000085600000,0x0000000086756760,0x000000008a500000)
 Metaspace       used 41848K, capacity 42149K, committed 42456K, reserved 1087488K
  class space    used 5204K, capacity 5292K, committed 5376K, reserved 1048576K
Event: 14.633 GC heap after
Heap after GC invocations=10 (full 2):
 PSYoungGen      total 293376K, used 12773K [0x00000000d7200000, 0x00000000fa300000, 0x0000000100000000)
  eden space 280576K, 0% used [0x00000000d7200000,0x00000000d7200000,0x00000000e8400000)
  from space 12800K, 99% used [0x00000000ec880000,0x00000000ed4f9750,0x00000000ed500000)
  to   space 70144K, 0% used [0x00000000e8400000,0x00000000e8400000,0x00000000ec880000)
 ParOldGen       total 145408K, used 145080K [0x0000000085600000, 0x000000008e400000, 0x00000000d7200000)
  object space 145408K, 99% used [0x0000000085600000,0x000000008e3ae318,0x000000008e400000)
 Metaspace       used 41848K, capacity 42149K, committed 42456K, reserved 1087488K
  class space    used 5204K, capacity 5292K, committed 5376K, reserved 1048576K
}
Event: 14.633 GC heap before
{Heap before GC invocations=11 (full 3):
 PSYoungGen      total 293376K, used 12773K [0x00000000d7200000, 0x00000000fa300000, 0x0000000100000000)
  eden space 280576K, 0% used [0x00000000d7200000,0x00000000d7200000,0x00000000e8400000)
  from space 12800K, 99% used [0x00000000ec880000,0x00000000ed4f9750,0x00000000ed500000)
  to   space 70144K, 0% used [0x00000000e8400000,0x00000000e8400000,0x00000000ec880000)
 ParOldGen       total 145408K, used 145080K [0x0000000085600000, 0x000000008e400000, 0x00000000d7200000)
  object space 145408K, 99% used [0x0000000085600000,0x000000008e3ae318,0x000000008e400000)
 Metaspace       used 41848K, capacity 42149K, committed 42456K, reserved 1087488K
  class space    used 5204K, capacity 5292K, committed 5376K, reserved 1048576K
Event: 15.637 GC heap after
Heap after GC invocations=11 (full 3):
 PSYoungGen      total 293376K, used 10662K [0x00000000d7200000, 0x00000000fa300000, 0x0000000100000000)
  eden space 280576K, 0% used [0x00000000d7200000,0x00000000d7200000,0x00000000e8400000)
  from space 12800K, 83% used [0x00000000ec880000,0x00000000ed2e9bd8,0x00000000ed500000)
  to   space 70144K, 0% used [0x00000000e8400000,0x00000000e8400000,0x00000000ec880000)
 ParOldGen       total 288256K, used 143881K [0x0000000085600000, 0x0000000096f80000, 0x00000000d7200000)
  object space 288256K, 49% used [0x0000000085600000,0x000000008e2827a8,0x0000000096f80000)
 Metaspace       used 41848K, capacity 42149K, committed 42456K, reserved 1087488K
  class space    used 5204K, capacity 5292K, committed 5376K, reserved 1048576K
}

