# JRE version: OpenJDK Runtime Environment (8.0_275-b01) (build 1.8.0_275-b01)
# Java VM: OpenJDK 64-Bit Server VM (25.275-b01 mixed mode linux-amd64 compressed oops)
Heap:
 PSYoungGen      total 479744K, used 289228K [0x00000000d7200000, 0x0000000100000000, 0x0000000100000000)
  eden space 361472K, 47% used [0x00000000d7200000,0x00000000e18f9770,0x00000000ed300000)
  from space 118272K, 99% used [0x00000000f8c80000,0x00000000ffff9b08,0x0000000100000000)
  to   space 154112K, 0% used [0x00000000ed300000,0x00000000ed300000,0x00000000f6980000)
 ParOldGen       total 317440K, used 206560K [0x0000000085600000, 0x0000000098c00000, 0x00000000d7200000)
  object space 317440K, 65% used [0x0000000085600000,0x0000000091fb83a8,0x0000000098c00000)
 Metaspace       used 62260K, capacity 62725K, committed 63192K, reserved 1103872K
  class space    used 7757K, capacity 7888K, committed 7936K, reserved 1048576K
GC Heap History (10 events):
Event: 287.493 GC heap before
{Heap before GC invocations=14 (full 3):
 PSYoungGen      total 378880K, used 366080K [0x00000000d7200000, 0x00000000f8600000, 0x0000000100000000)
  eden space 366080K, 100% used [0x00000000d7200000,0x00000000ed780000,0x00000000ed780000)
  from space 12800K, 0% used [0x00000000ed780000,0x00000000ed780000,0x00000000ee400000)
  to   space 22528K, 0% used [0x00000000f7000000,0x00000000f7000000,0x00000000f8600000)
 ParOldGen       total 207872K, used 140235K [0x0000000085600000, 0x0000000092100000, 0x00000000d7200000)
  object space 207872K, 67% used [0x0000000085600000,0x000000008def2e98,0x0000000092100000)
 Metaspace       used 61281K, capacity 61711K, committed 62168K, reserved 1103872K
  class space    used 7719K, capacity 7831K, committed 7936K, reserved 1048576K
Event: 287.839 GC heap after
Heap after GC invocations=14 (full 3):
 PSYoungGen      total 468480K, used 22509K [0x00000000d7200000, 0x0000000100000000, 0x0000000100000000)
  eden space 445952K, 0% used [0x00000000d7200000,0x00000000d7200000,0x00000000f2580000)
  from space 22528K, 99% used [0x00000000f7000000,0x00000000f85fb648,0x00000000f8600000)
  to   space 76288K, 0% used [0x00000000f2580000,0x00000000f2580000,0x00000000f7000000)
 ParOldGen       total 275968K, used 275477K [0x0000000085600000, 0x0000000096380000, 0x00000000d7200000)
  object space 275968K, 99% used [0x0000000085600000,0x0000000096305510,0x0000000096380000)
 Metaspace       used 61281K, capacity 61711K, committed 62168K, reserved 1103872K
  class space    used 7719K, capacity 7831K, committed 7936K, reserved 1048576K
}
Event: 287.839 GC heap before
{Heap before GC invocations=15 (full 4):
 PSYoungGen      total 468480K, used 22509K [0x00000000d7200000, 0x0000000100000000, 0x0000000100000000)
  eden space 445952K, 0% used [0x00000000d7200000,0x00000000d7200000,0x00000000f2580000)
  from space 22528K, 99% used [0x00000000f7000000,0x00000000f85fb648,0x00000000f8600000)
  to   space 76288K, 0% used [0x00000000f2580000,0x00000000f2580000,0x00000000f7000000)
 ParOldGen       total 275968K, used 275477K [0x0000000085600000, 0x0000000096380000, 0x00000000d7200000)
  object space 275968K, 99% used [0x0000000085600000,0x0000000096305510,0x0000000096380000)
 Metaspace       used 61281K, capacity 61711K, committed 62168K, reserved 1103872K
  class space    used 7719K, capacity 7831K, committed 7936K, reserved 1048576K
Event: 288.577 GC heap after
Heap after GC invocations=15 (full 4):
 PSYoungGen      total 468480K, used 0K [0x00000000d7200000, 0x0000000100000000, 0x0000000100000000)
  eden space 445952K, 0% used [0x00000000d7200000,0x00000000d7200000,0x00000000f2580000)
  from space 22528K, 0% used [0x00000000f7000000,0x00000000f7000000,0x00000000f8600000)
  to   space 76288K, 0% used [0x00000000f2580000,0x00000000f2580000,0x00000000f7000000)
 ParOldGen       total 285184K, used 162394K [0x0000000085600000, 0x0000000096c80000, 0x00000000d7200000)
  object space 285184K, 56% used [0x0000000085600000,0x000000008f4969e8,0x0000000096c80000)
 Metaspace       used 61281K, capacity 61711K, committed 62168K, reserved 1103872K
  class space    used 7719K, capacity 7831K, committed 7936K, reserved 1048576K
}
Event: 348.091 GC heap before
{Heap before GC invocations=16 (full 4):
 PSYoungGen      total 468480K, used 445952K [0x00000000d7200000, 0x0000000100000000, 0x0000000100000000)
  eden space 445952K, 100% used [0x00000000d7200000,0x00000000f2580000,0x00000000f2580000)
  from space 22528K, 0% used [0x00000000f7000000,0x00000000f7000000,0x00000000f8600000)
  to   space 76288K, 0% used [0x00000000f2580000,0x00000000f2580000,0x00000000f7000000)
 ParOldGen       total 285184K, used 162394K [0x0000000085600000, 0x0000000096c80000, 0x00000000d7200000)
  object space 285184K, 56% used [0x0000000085600000,0x000000008f4969e8,0x0000000096c80000)
 Metaspace       used 61805K, capacity 62285K, committed 62680K, reserved 1103872K
  class space    used 7746K, capacity 7868K, committed 7936K, reserved 1048576K
Event: 348.399 GC heap after
Heap after GC invocations=16 (full 4):
 PSYoungGen      total 522240K, used 76286K [0x00000000d7200000, 0x0000000100000000, 0x0000000100000000)
  eden space 445952K, 0% used [0x00000000d7200000,0x00000000d7200000,0x00000000f2580000)
  from space 76288K, 99% used [0x00000000f2580000,0x00000000f6fff940,0x00000000f7000000)
  to   space 118272K, 0% used [0x00000000f8c80000,0x00000000f8c80000,0x0000000100000000)
 ParOldGen       total 285184K, used 238595K [0x0000000085600000, 0x0000000096c80000, 0x00000000d7200000)
  object space 285184K, 83% used [0x0000000085600000,0x0000000093f00c68,0x0000000096c80000)
 Metaspace       used 61805K, capacity 62285K, committed 62680K, reserved 1103872K
  class space    used 7746K, capacity 7868K, committed 7936K, reserved 1048576K
}
Event: 348.399 GC heap before
{Heap before GC invocations=17 (full 5):
 PSYoungGen      total 522240K, used 76286K [0x00000000d7200000, 0x0000000100000000, 0x0000000100000000)
  eden space 445952K, 0% used [0x00000000d7200000,0x00000000d7200000,0x00000000f2580000)
  from space 76288K, 99% used [0x00000000f2580000,0x00000000f6fff940,0x00000000f7000000)
  to   space 118272K, 0% used [0x00000000f8c80000,0x00000000f8c80000,0x0000000100000000)
 ParOldGen       total 285184K, used 238595K [0x0000000085600000, 0x0000000096c80000, 0x00000000d7200000)
  object space 285184K, 83% used [0x0000000085600000,0x0000000093f00c68,0x0000000096c80000)
 Metaspace       used 61805K, capacity 62285K, committed 62680K, reserved 1103872K
  class space    used 7746K, capacity 7868K, committed 7936K, reserved 1048576K
Event: 349.402 GC heap after
Heap after GC invocations=17 (full 5):
 PSYoungGen      total 522240K, used 0K [0x00000000d7200000, 0x0000000100000000, 0x0000000100000000)
  eden space 445952K, 0% used [0x00000000d7200000,0x00000000d7200000,0x00000000f2580000)
  from space 76288K, 0% used [0x00000000f2580000,0x00000000f2580000,0x00000000f7000000)
  to   space 118272K, 0% used [0x00000000f8c80000,0x00000000f8c80000,0x0000000100000000)
 ParOldGen       total 317440K, used 169480K [0x0000000085600000, 0x0000000098c00000, 0x00000000d7200000)
  object space 317440K, 53% used [0x0000000085600000,0x000000008fb82348,0x0000000098c00000)
 Metaspace       used 61805K, capacity 62285K, committed 62680K, reserved 1103872K
  class space    used 7746K, capacity 7868K, committed 7936K, reserved 1048576K
}
Event: 428.144 GC heap before
{Heap before GC invocations=18 (full 5):
 PSYoungGen      total 522240K, used 445952K [0x00000000d7200000, 0x0000000100000000, 0x0000000100000000)
  eden space 445952K, 100% used [0x00000000d7200000,0x00000000f2580000,0x00000000f2580000)
  from space 76288K, 0% used [0x00000000f2580000,0x00000000f2580000,0x00000000f7000000)
  to   space 118272K, 0% used [0x00000000f8c80000,0x00000000f8c80000,0x0000000100000000)
 ParOldGen       total 317440K, used 169480K [0x0000000085600000, 0x0000000098c00000, 0x00000000d7200000)
  object space 317440K, 53% used [0x0000000085600000,0x000000008fb82348,0x0000000098c00000)
 Metaspace       used 62235K, capacity 62725K, committed 63192K, reserved 1103872K
  class space    used 7757K, capacity 7888K, committed 7936K, reserved 1048576K
Event: 428.446 GC heap after
Heap after GC invocations=18 (full 5):
 PSYoungGen      total 479744K, used 118246K [0x00000000d7200000, 0x0000000100000000, 0x0000000100000000)
  eden space 361472K, 0% used [0x00000000d7200000,0x00000000d7200000,0x00000000ed300000)
  from space 118272K, 99% used [0x00000000f8c80000,0x00000000ffff9b08,0x0000000100000000)
  to   space 154112K, 0% used [0x00000000ed300000,0x00000000ed300000,0x00000000f6980000)
 ParOldGen       total 317440K, used 206560K [0x0000000085600000, 0x0000000098c00000, 0x00000000d7200000)
  object space 317440K, 65% used [0x0000000085600000,0x0000000091fb83a8,0x0000000098c00000)
 Metaspace       used 62235K, capacity 62725K, committed 63192K, reserved 1103872K
  class space    used 7757K, capacity 7888K, committed 7936K, reserved 1048576K
}

